{
  "0 debug pnpm:scope": {
    "selected": 1,
    "workspacePrefix": "/Users/Panoply/Sites/brixtol"
  },
  "1 error pnpm": {
    "errno": 128,
    "code": "ELIFECYCLE",
    "pkgid": "spx@0.0.2-beta.1",
    "stage": "deploy",
    "script": "pnpm exec bin/docs.sh",
    "pkgname": "spx",
    "err": {
      "name": "pnpm",
      "message": "spx@0.0.2-beta.1 deploy: `pnpm exec bin/docs.sh`\nExit status 128",
      "code": "ELIFECYCLE",
      "stack": "pnpm: spx@0.0.2-beta.1 deploy: `pnpm exec bin/docs.sh`\nExit status 128\n    at EventEmitter.<anonymous> (/Users/Panoply/.nvm/versions/node/v16.15.0/lib/node_modules/pnpm/dist/pnpm.cjs:106739:20)\n    at EventEmitter.emit (events.js:400:28)\n    at ChildProcess.<anonymous> (/Users/Panoply/.nvm/versions/node/v16.15.0/lib/node_modules/pnpm/dist/pnpm.cjs:93308:18)\n    at ChildProcess.emit (events.js:400:28)\n    at maybeClose (internal/child_process.js:1058:16)\n    at Process.ChildProcess._handle.onexit (internal/child_process.js:293:5)"
    }
  }
}